Content-Type: multipart/alternative;
 boundary="===============6775302942397626783=="
MIME-Version: 1.0
Subject: Profile activation
From: test@example.com
To: vsrivatsa25@gmail.com
Date: Sun, 18 Oct 2020 20:13:27 -0000
Message-ID: <160305200756.2768.15313067869184384472@LAPTOP-I23852VU>

--===============6775302942397626783==
Content-Type: text/plain; charset="utf-8"
MIME-Version: 1.0
Content-Transfer-Encoding: 7bit



To activate your profile, please follow this link:

http://127.0.0.1:8000/accounts/activate/4WGQitMRwKJOLz5S1Stk/

--===============6775302942397626783==
Content-Type: text/html; charset="utf-8"
MIME-Version: 1.0
Content-Transfer-Encoding: 7bit



<!DOCTYPE html PUBLIC "-//W3C//DTD XHTML 1.0 Transitional//EN"
        "http://www.w3.org/TR/xhtml1/DTD/xhtml1-transitional.dtd">
<html xmlns="http://www.w3.org/1999/xhtml">
<head>
    <meta http-equiv="Content-Type" content="text/html; charset=UTF-8"/>
    <title>Profile activation</title>
    <meta name="viewport" content="width=device-width, initial-scale=1.0"/>
</head>

<body>

<p>
    To activate your profile, please follow this link:
</p>

<p>
    <a href="http://127.0.0.1:8000/accounts/activate/4WGQitMRwKJOLz5S1Stk/">http://127.0.0.1:8000/accounts/activate/4WGQitMRwKJOLz5S1Stk/</a>
</p>

</body>

</html>

--===============6775302942397626783==--

-------------------------------------------------------------------------------
