Content-Type: multipart/alternative;
 boundary="===============0503083668180599431=="
MIME-Version: 1.0
Subject: Profile activation
From: test@example.com
To: khatri.ritik16@gmail.com
Date: Tue, 20 Oct 2020 17:38:32 -0000
Message-ID: <160321551291.11924.2884959870071967550@LAPTOP-I23852VU>

--===============0503083668180599431==
Content-Type: text/plain; charset="utf-8"
MIME-Version: 1.0
Content-Transfer-Encoding: 7bit



To activate your profile, please follow this link:

http://171.76.109.199:443/accounts/activate/HSSFXXk61YS4HnBTnlC2/

--===============0503083668180599431==
Content-Type: text/html; charset="utf-8"
MIME-Version: 1.0
Content-Transfer-Encoding: 7bit



<!DOCTYPE html PUBLIC "-//W3C//DTD XHTML 1.0 Transitional//EN"
        "http://www.w3.org/TR/xhtml1/DTD/xhtml1-transitional.dtd">
<html xmlns="http://www.w3.org/1999/xhtml">
<head>
    <meta http-equiv="Content-Type" content="text/html; charset=UTF-8"/>
    <title>Profile activation</title>
    <meta name="viewport" content="width=device-width, initial-scale=1.0"/>
</head>

<body>

<p>
    To activate your profile, please follow this link:
</p>

<p>
    <a href="http://171.76.109.199:443/accounts/activate/HSSFXXk61YS4HnBTnlC2/">http://171.76.109.199:443/accounts/activate/HSSFXXk61YS4HnBTnlC2/</a>
</p>

</body>

</html>

--===============0503083668180599431==--

-------------------------------------------------------------------------------
